Performing C SOURCE FILE Test CMAKE_HAVE_LIBC_PTHREAD failed with the following output:
Change Dir: /home/ilyanyrkov/Technopark_C-C-_solutions/cmake-build/CMakeFiles/CMakeTmp

Run Build Command(s):/usr/bin/gmake cmTC_29b2a/fast && /usr/bin/gmake -f CMakeFiles/cmTC_29b2a.dir/build.make CMakeFiles/cmTC_29b2a.dir/build
gmake[1]: Entering directory '/home/ilyanyrkov/Technopark_C-C-_solutions/cmake-build/CMakeFiles/CMakeTmp'
Building C object CMakeFiles/cmTC_29b2a.dir/src.c.o
/usr/bin/cc   -DCMAKE_HAVE_LIBC_PTHREAD   -std=gnu11 -o CMakeFiles/cmTC_29b2a.dir/src.c.o   -c /home/ilyanyrkov/Technopark_C-C-_solutions/cmake-build/CMakeFiles/CMakeTmp/src.c
Linking C executable cmTC_29b2a
/usr/bin/cmake -E cmake_link_script CMakeFiles/cmTC_29b2a.dir/link.txt --verbose=1
/usr/bin/cc  -DCMAKE_HAVE_LIBC_PTHREAD    CMakeFiles/cmTC_29b2a.dir/src.c.o  -o cmTC_29b2a 
/usr/bin/ld: CMakeFiles/cmTC_29b2a.dir/src.c.o: in function `main':
src.c:(.text+0x46): undefined reference to `pthread_create'
/usr/bin/ld: src.c:(.text+0x52): undefined reference to `pthread_detach'
/usr/bin/ld: src.c:(.text+0x63): undefined reference to `pthread_join'
collect2: error: ld returned 1 exit status
gmake[1]: *** [CMakeFiles/cmTC_29b2a.dir/build.make:87: cmTC_29b2a] Error 1
gmake[1]: Leaving directory '/home/ilyanyrkov/Technopark_C-C-_solutions/cmake-build/CMakeFiles/CMakeTmp'
gmake: *** [Makefile:121: cmTC_29b2a/fast] Error 2


Source file was:
#include <pthread.h>

void* test_func(void* data)
{
  return data;
}

int main(void)
{
  pthread_t thread;
  pthread_create(&thread, NULL, test_func, NULL);
  pthread_detach(thread);
  pthread_join(thread, NULL);
  pthread_atfork(NULL, NULL, NULL);
  pthread_exit(NULL);

  return 0;
}

Determining if the function pthread_create exists in the pthreads failed with the following output:
Change Dir: /home/ilyanyrkov/Technopark_C-C-_solutions/cmake-build/CMakeFiles/CMakeTmp

Run Build Command(s):/usr/bin/gmake cmTC_76a00/fast && /usr/bin/gmake -f CMakeFiles/cmTC_76a00.dir/build.make CMakeFiles/cmTC_76a00.dir/build
gmake[1]: Entering directory '/home/ilyanyrkov/Technopark_C-C-_solutions/cmake-build/CMakeFiles/CMakeTmp'
Building C object CMakeFiles/cmTC_76a00.dir/CheckFunctionExists.c.o
/usr/bin/cc   -DCHECK_FUNCTION_EXISTS=pthread_create   -std=gnu11 -o CMakeFiles/cmTC_76a00.dir/CheckFunctionExists.c.o   -c /usr/share/cmake-3.16/Modules/CheckFunctionExists.c
Linking C executable cmTC_76a00
/usr/bin/cmake -E cmake_link_script CMakeFiles/cmTC_76a00.dir/link.txt --verbose=1
/usr/bin/cc  -DCHECK_FUNCTION_EXISTS=pthread_create    CMakeFiles/cmTC_76a00.dir/CheckFunctionExists.c.o  -o cmTC_76a00  -lpthreads 
/usr/bin/ld: cannot find -lpthreads
collect2: error: ld returned 1 exit status
gmake[1]: *** [CMakeFiles/cmTC_76a00.dir/build.make:87: cmTC_76a00] Error 1
gmake[1]: Leaving directory '/home/ilyanyrkov/Technopark_C-C-_solutions/cmake-build/CMakeFiles/CMakeTmp'
gmake: *** [Makefile:121: cmTC_76a00/fast] Error 2



